Arguments: 
  /home/sam/.config/nvm/versions/node/v16.10.0/bin/node /home/sam/.config/nvm/versions/node/v16.10.0/bin/yarn add -D --ignore-workspace-root-check @storybook/svelte@^6.5.9 @storybook/addon-links@^6.5.9 @storybook/addon-essentials@^6.5.9 @storybook/addon-actions@^6.5.9 @storybook/addon-interactions@^6.5.9 @storybook/testing-library@^0.0.13 svelte@^3.49.0 svelte-loader@^3.1.3 @storybook/builder-vite@^0.2.2 @babel/core@^7.18.10 babel-loader@^8.2.5

PATH: 
  /home/sam/.local/share/pnpm/store/v3/tmp/dlx-270809/node_modules/.bin:/home/sam/.deno/bin:/home/sam/.bun/bin:/home/sam/.config/nvm/versions/node/v16.10.0/bin:/home/sam/.deno/bin:/home/sam/.bun/bin:/home/sam/.local/bin:/home/sam/bin:/usr/lib64/ccache:/usr/local/bin:/usr/local/sbin:/usr/bin:/usr/sbin:/var/lib/snapd/snap/bin:/home/sam/.dotnet/tools:/home/sam/.cargo/bin:/home/sam/.cargo/bin

Yarn version: 
  1.22.11

Node version: 
  16.10.0

Platform: 
  linux x64

Trace: 
  Error: ENOENT: no such file or directory, copyfile '/home/sam/.cache/yarn/v6/npm-estraverse-4.3.0-398ad3f3c5a24948be7725e83d11a7de28cdbd1d-integrity/node_modules/estraverse/.jshintrc' -> '/home/sam/workspace/webfont-importer/node_modules/eslint-scope/node_modules/estraverse/.jshintrc'

npm manifest: 
  {
  	"name": "webfont-importer",
  	"version": "0.0.1",
  	"scripts": {
  		"dev": "vite dev",
  		"build": "vite build",
  		"package": "svelte-kit package",
  		"preview": "vite preview",
  		"test": "playwright test",
  		"check": "svelte-check --tsconfig ./tsconfig.json",
  		"check:watch": "svelte-check --tsconfig ./tsconfig.json --watch",
  		"lint": "prettier --check --plugin-search-dir=. . && eslint .",
  		"format": "prettier --write --plugin-search-dir=. ."
  	},
  	"devDependencies": {
  		"@playwright/test": "^1.22.2",
  		"@sveltejs/adapter-auto": "next",
  		"@sveltejs/kit": "next",
  		"@typescript-eslint/eslint-plugin": "^5.27.0",
  		"@typescript-eslint/parser": "^5.27.0",
  		"eslint": "^8.16.0",
  		"eslint-config-prettier": "^8.3.0",
  		"eslint-plugin-svelte3": "^4.0.0",
  		"prettier": "^2.6.2",
  		"prettier-plugin-svelte": "^2.7.0",
  		"svelte": "^3.44.0",
  		"svelte-check": "^2.7.1",
  		"svelte-preprocess": "^4.10.6",
  		"tslib": "^2.3.1",
  		"typescript": "^4.7.4",
  		"vite": "^3.0.0"
  	},
  	"type": "module"
  }

yarn manifest: 
  No manifest

Lockfile: 
  No lockfile
